<?xml version="1.0" encoding="UTF-8"?>
<testsuite xmlns:xsi="http://www.w3.org/2001/XMLSchema-instance" xsi:noNamespaceSchemaLocation="https://maven.apache.org/surefire/maven-surefire-plugin/xsd/surefire-test-report-3.0.xsd" version="3.0" name="TestTEst" time="0.217" tests="1" errors="0" skipped="0" failures="0">
  <properties>
    <property name="sun.desktop" value="windows"/>
    <property name="awt.toolkit" value="sun.awt.windows.WToolkit"/>
    <property name="java.specification.version" value="11"/>
    <property name="sun.cpu.isalist" value="amd64"/>
    <property name="sun.jnu.encoding" value="Cp1251"/>
    <property name="java.class.path" value="C:\Users\artem\IdeaProjects\coolMessenger\server\target\test-classes;C:\Users\artem\IdeaProjects\coolMessenger\server\target\classes;C:\Users\artem\IdeaProjects\coolMessenger\utils\target\utils-1.0.jar;C:\Users\artem\.m2\repository\name\remal\tools\test\junit4\1.26.147\junit4-1.26.147.jar;C:\Users\artem\.m2\repository\name\remal\tools\test\common\1.26.147\common-1.26.147.jar;C:\Users\artem\.m2\repository\org\assertj\assertj-db\1.3.0\assertj-db-1.3.0.jar;C:\Users\artem\.m2\repository\org\assertj\assertj-guava\3.3.0\assertj-guava-3.3.0.jar;C:\Users\artem\.m2\repository\org\assertj\assertj-core\3.15.0\assertj-core-3.15.0.jar;C:\Users\artem\.m2\repository\com\nhaarman\mockito-kotlin\1.6.0\mockito-kotlin-1.6.0.jar;C:\Users\artem\.m2\repository\org\mockito\mockito-core\3.3.3\mockito-core-3.3.3.jar;C:\Users\artem\.m2\repository\net\bytebuddy\byte-buddy\1.10.5\byte-buddy-1.10.5.jar;C:\Users\artem\.m2\repository\net\bytebuddy\byte-buddy-agent\1.10.5\byte-buddy-agent-1.10.5.jar;C:\Users\artem\.m2\repository\org\objenesis\objenesis\2.6\objenesis-2.6.jar;C:\Users\artem\.m2\repository\junit\junit\4.13\junit-4.13.jar;C:\Users\artem\.m2\repository\org\hamcrest\hamcrest-core\1.3\hamcrest-core-1.3.jar;"/>
    <property name="java.vm.vendor" value="Amazon.com Inc."/>
    <property name="sun.arch.data.model" value="64"/>
    <property name="user.variant" value=""/>
    <property name="java.vendor.url" value="https://aws.amazon.com/corretto/"/>
    <property name="user.timezone" value="Europe/Moscow"/>
    <property name="java.vm.specification.version" value="11"/>
    <property name="os.name" value="Windows 11"/>
    <property name="sun.java.launcher" value="SUN_STANDARD"/>
    <property name="user.country" value="RU"/>
    <property name="sun.boot.library.path" value="C:\Users\artem\.jdks\corretto-11.0.15\bin"/>
    <property name="sun.java.command" value="C:\Users\artem\AppData\Local\Temp\surefire9177286386312205094\surefirebooter-20220713191423910_3.jar C:\Users\artem\AppData\Local\Temp\surefire9177286386312205094 2022-07-13T19-14-08_549-jvmRun1 surefire-20220713191423910_1tmp surefire_0-20220713191423910_2tmp"/>
    <property name="jdk.debug" value="release"/>
    <property name="surefire.test.class.path" value="C:\Users\artem\IdeaProjects\coolMessenger\server\target\test-classes;C:\Users\artem\IdeaProjects\coolMessenger\server\target\classes;C:\Users\artem\IdeaProjects\coolMessenger\utils\target\utils-1.0.jar;C:\Users\artem\.m2\repository\name\remal\tools\test\junit4\1.26.147\junit4-1.26.147.jar;C:\Users\artem\.m2\repository\name\remal\tools\test\common\1.26.147\common-1.26.147.jar;C:\Users\artem\.m2\repository\org\assertj\assertj-db\1.3.0\assertj-db-1.3.0.jar;C:\Users\artem\.m2\repository\org\assertj\assertj-guava\3.3.0\assertj-guava-3.3.0.jar;C:\Users\artem\.m2\repository\org\assertj\assertj-core\3.15.0\assertj-core-3.15.0.jar;C:\Users\artem\.m2\repository\com\nhaarman\mockito-kotlin\1.6.0\mockito-kotlin-1.6.0.jar;C:\Users\artem\.m2\repository\org\mockito\mockito-core\3.3.3\mockito-core-3.3.3.jar;C:\Users\artem\.m2\repository\net\bytebuddy\byte-buddy\1.10.5\byte-buddy-1.10.5.jar;C:\Users\artem\.m2\repository\net\bytebuddy\byte-buddy-agent\1.10.5\byte-buddy-agent-1.10.5.jar;C:\Users\artem\.m2\repository\org\objenesis\objenesis\2.6\objenesis-2.6.jar;C:\Users\artem\.m2\repository\junit\junit\4.13\junit-4.13.jar;C:\Users\artem\.m2\repository\org\hamcrest\hamcrest-core\1.3\hamcrest-core-1.3.jar;"/>
    <property name="sun.cpu.endian" value="little"/>
    <property name="user.home" value="C:\Users\artem"/>
    <property name="user.language" value="ru"/>
    <property name="java.specification.vendor" value="Oracle Corporation"/>
    <property name="java.version.date" value="2022-04-19"/>
    <property name="java.home" value="C:\Users\artem\.jdks\corretto-11.0.15"/>
    <property name="file.separator" value="\"/>
    <property name="basedir" value="C:\Users\artem\IdeaProjects\coolMessenger\server"/>
    <property name="java.vm.compressedOopsMode" value="Zero based"/>
    <property name="line.separator" value="&#10;"/>
    <property name="java.specification.name" value="Java Platform API Specification"/>
    <property name="java.vm.specification.vendor" value="Oracle Corporation"/>
    <property name="java.awt.graphicsenv" value="sun.awt.Win32GraphicsEnvironment"/>
    <property name="surefire.real.class.path" value="C:\Users\artem\AppData\Local\Temp\surefire9177286386312205094\surefirebooter-20220713191423910_3.jar"/>
    <property name="user.script" value=""/>
    <property name="sun.management.compiler" value="HotSpot 64-Bit Tiered Compilers"/>
    <property name="java.runtime.version" value="11.0.15+9-LTS"/>
    <property name="user.name" value="artem"/>
    <property name="path.separator" value=";"/>
    <property name="os.version" value="10.0"/>
    <property name="java.runtime.name" value="OpenJDK Runtime Environment"/>
    <property name="file.encoding" value="Cp1251"/>
    <property name="java.vm.name" value="OpenJDK 64-Bit Server VM"/>
    <property name="java.vendor.version" value="Corretto-11.0.15.9.1"/>
    <property name="localRepository" value="C:\Users\artem\.m2\repository"/>
    <property name="java.vendor.url.bug" value="https://github.com/corretto/corretto-11/issues/"/>
    <property name="java.io.tmpdir" value="C:\Users\artem\AppData\Local\Temp\"/>
    <property name="java.version" value="11.0.15"/>
    <property name="user.dir" value="C:\Users\artem\IdeaProjects\coolMessenger\server"/>
    <property name="os.arch" value="amd64"/>
    <property name="java.vm.specification.name" value="Java Virtual Machine Specification"/>
    <property name="java.awt.printerjob" value="sun.awt.windows.WPrinterJob"/>
    <property name="sun.os.patch.level" value=""/>
    <property name="java.library.path" value="C:\Users\artem\.jdks\corretto-11.0.15\bin;C:\Windows\Sun\Java\bin;C:\Windows\system32;C:\Windows;C:\Windows\system32;C:\Windows;C:\Windows\System32\Wbem;C:\Windows\System32\WindowsPowerShell\v1.0\;C:\Windows\System32\OpenSSH\;C:\Program Files\Git\cmd;C:\Users\artem\AppData\Local\Microsoft\WindowsApps;C:\Users\artem\AppData\Local\Programs\Microsoft VS Code\bin;C:\Program Files\JetBrains\IntelliJ IDEA 2022.1.3\bin;;C:\Program Files\apache-maven-3.8.6\bin;C:\Users\artem\.jdks\corretto-11.0.15\bin;C:\ghcup\bin;C:\ghcup\ghc\8.10.7\mingw\bin;;."/>
    <property name="java.vm.info" value="mixed mode"/>
    <property name="java.vendor" value="Amazon.com Inc."/>
    <property name="java.vm.version" value="11.0.15+9-LTS"/>
    <property name="sun.io.unicode.encoding" value="UnicodeLittle"/>
    <property name="java.class.version" value="55.0"/>
  </properties>
  <testcase name="tes" classname="TestTEst" time="0.012"/>
</testsuite>